<?xml version="1.0" encoding="UTF-8"?>
<testsuite xmlns:xsi="http://www.w3.org/2001/XMLSchema-instance" xsi:noNamespaceSchemaLocation="https://maven.apache.org/surefire/maven-surefire-plugin/xsd/surefire-test-report.xsd" name="TestSuite" time="34.849" tests="1" errors="0" skipped="0" failures="1">
  <properties>
    <property name="sun.desktop" value="windows"/>
    <property name="awt.toolkit" value="sun.awt.windows.WToolkit"/>
    <property name="java.specification.version" value="9"/>
    <property name="file.encoding.pkg" value="sun.io"/>
    <property name="sun.cpu.isalist" value="amd64"/>
    <property name="sun.jnu.encoding" value="Cp1252"/>
    <property name="java.class.path" value="C:\Selenium\RDA\target\test-classes;C:\Selenium\RDA\target\classes;C:\Users\madhu\.m2\repository\junit\junit\3.8.1\junit-3.8.1.jar;C:\Users\madhu\.m2\repository\org\seleniumhq\selenium\selenium-java\3.7.1\selenium-java-3.7.1.jar;C:\Users\madhu\.m2\repository\org\seleniumhq\selenium\selenium-api\3.7.1\selenium-api-3.7.1.jar;C:\Users\madhu\.m2\repository\org\seleniumhq\selenium\selenium-chrome-driver\3.7.1\selenium-chrome-driver-3.7.1.jar;C:\Users\madhu\.m2\repository\org\seleniumhq\selenium\selenium-edge-driver\3.7.1\selenium-edge-driver-3.7.1.jar;C:\Users\madhu\.m2\repository\org\seleniumhq\selenium\selenium-firefox-driver\3.7.1\selenium-firefox-driver-3.7.1.jar;C:\Users\madhu\.m2\repository\org\seleniumhq\selenium\selenium-ie-driver\3.7.1\selenium-ie-driver-3.7.1.jar;C:\Users\madhu\.m2\repository\org\seleniumhq\selenium\selenium-opera-driver\3.7.1\selenium-opera-driver-3.7.1.jar;C:\Users\madhu\.m2\repository\org\seleniumhq\selenium\selenium-remote-driver\3.7.1\selenium-remote-driver-3.7.1.jar;C:\Users\madhu\.m2\repository\org\seleniumhq\selenium\selenium-safari-driver\3.7.1\selenium-safari-driver-3.7.1.jar;C:\Users\madhu\.m2\repository\org\seleniumhq\selenium\selenium-support\3.7.1\selenium-support-3.7.1.jar;C:\Users\madhu\.m2\repository\net\bytebuddy\byte-buddy\1.7.5\byte-buddy-1.7.5.jar;C:\Users\madhu\.m2\repository\org\apache\commons\commons-exec\1.3\commons-exec-1.3.jar;C:\Users\madhu\.m2\repository\commons-codec\commons-codec\1.10\commons-codec-1.10.jar;C:\Users\madhu\.m2\repository\commons-logging\commons-logging\1.2\commons-logging-1.2.jar;C:\Users\madhu\.m2\repository\com\google\code\gson\gson\2.8.2\gson-2.8.2.jar;C:\Users\madhu\.m2\repository\com\google\guava\guava\23.0\guava-23.0.jar;C:\Users\madhu\.m2\repository\com\google\code\findbugs\jsr305\1.3.9\jsr305-1.3.9.jar;C:\Users\madhu\.m2\repository\com\google\errorprone\error_prone_annotations\2.0.18\error_prone_annotations-2.0.18.jar;C:\Users\madhu\.m2\repository\com\google\j2objc\j2objc-annotations\1.1\j2objc-annotations-1.1.jar;C:\Users\madhu\.m2\repository\org\codehaus\mojo\animal-sniffer-annotations\1.14\animal-sniffer-annotations-1.14.jar;C:\Users\madhu\.m2\repository\org\apache\httpcomponents\httpclient\4.5.3\httpclient-4.5.3.jar;C:\Users\madhu\.m2\repository\org\apache\httpcomponents\httpcore\4.4.6\httpcore-4.4.6.jar;C:\Users\madhu\.m2\repository\org\testng\testng\6.8\testng-6.8.jar;C:\Users\madhu\.m2\repository\org\beanshell\bsh\2.0b4\bsh-2.0b4.jar;C:\Users\madhu\.m2\repository\com\beust\jcommander\1.27\jcommander-1.27.jar;C:\Users\madhu\.m2\repository\org\yaml\snakeyaml\1.6\snakeyaml-1.6.jar;C:\Users\madhu\.m2\repository\log4j\log4j\1.2.17\log4j-1.2.17.jar;C:\Users\madhu\.m2\repository\com\oracle\ojdbc8\12.2.0.1\ojdbc8-12.2.0.1.jar;C:\Users\madhu\.m2\repository\org\apache\maven\surefire\surefire-testng-utils\2.20.1\surefire-testng-utils-2.20.1.jar;C:\Users\madhu\.m2\repository\org\apache\maven\surefire\surefire-grouper\2.20.1\surefire-grouper-2.20.1.jar;"/>
    <property name="java.vm.vendor" value="Oracle Corporation"/>
    <property name="sun.arch.data.model" value="64"/>
    <property name="user.variant" value=""/>
    <property name="java.vendor.url" value="http://java.oracle.com/"/>
    <property name="user.timezone" value=""/>
    <property name="java.vm.specification.version" value="9"/>
    <property name="os.name" value="Windows 10"/>
    <property name="sun.java.launcher" value="SUN_STANDARD"/>
    <property name="user.country" value="US"/>
    <property name="sun.boot.library.path" value="C:\Program Files\Java\jre-9.0.1\bin"/>
    <property name="sun.java.command" value="C:\Users\madhu\AppData\Local\Temp\surefire15484879949977639714\surefirebooter15069625908067033933.jar C:\Users\madhu\AppData\Local\Temp\surefire15484879949977639714 2017-11-26T17-59-38_252-jvmRun1 surefire10275661602244889877tmp surefire_08028363035615981865tmp"/>
    <property name="jdk.debug" value="release"/>
    <property name="surefire.test.class.path" value="C:\Selenium\RDA\target\test-classes;C:\Selenium\RDA\target\classes;C:\Users\madhu\.m2\repository\junit\junit\3.8.1\junit-3.8.1.jar;C:\Users\madhu\.m2\repository\org\seleniumhq\selenium\selenium-java\3.7.1\selenium-java-3.7.1.jar;C:\Users\madhu\.m2\repository\org\seleniumhq\selenium\selenium-api\3.7.1\selenium-api-3.7.1.jar;C:\Users\madhu\.m2\repository\org\seleniumhq\selenium\selenium-chrome-driver\3.7.1\selenium-chrome-driver-3.7.1.jar;C:\Users\madhu\.m2\repository\org\seleniumhq\selenium\selenium-edge-driver\3.7.1\selenium-edge-driver-3.7.1.jar;C:\Users\madhu\.m2\repository\org\seleniumhq\selenium\selenium-firefox-driver\3.7.1\selenium-firefox-driver-3.7.1.jar;C:\Users\madhu\.m2\repository\org\seleniumhq\selenium\selenium-ie-driver\3.7.1\selenium-ie-driver-3.7.1.jar;C:\Users\madhu\.m2\repository\org\seleniumhq\selenium\selenium-opera-driver\3.7.1\selenium-opera-driver-3.7.1.jar;C:\Users\madhu\.m2\repository\org\seleniumhq\selenium\selenium-remote-driver\3.7.1\selenium-remote-driver-3.7.1.jar;C:\Users\madhu\.m2\repository\org\seleniumhq\selenium\selenium-safari-driver\3.7.1\selenium-safari-driver-3.7.1.jar;C:\Users\madhu\.m2\repository\org\seleniumhq\selenium\selenium-support\3.7.1\selenium-support-3.7.1.jar;C:\Users\madhu\.m2\repository\net\bytebuddy\byte-buddy\1.7.5\byte-buddy-1.7.5.jar;C:\Users\madhu\.m2\repository\org\apache\commons\commons-exec\1.3\commons-exec-1.3.jar;C:\Users\madhu\.m2\repository\commons-codec\commons-codec\1.10\commons-codec-1.10.jar;C:\Users\madhu\.m2\repository\commons-logging\commons-logging\1.2\commons-logging-1.2.jar;C:\Users\madhu\.m2\repository\com\google\code\gson\gson\2.8.2\gson-2.8.2.jar;C:\Users\madhu\.m2\repository\com\google\guava\guava\23.0\guava-23.0.jar;C:\Users\madhu\.m2\repository\com\google\code\findbugs\jsr305\1.3.9\jsr305-1.3.9.jar;C:\Users\madhu\.m2\repository\com\google\errorprone\error_prone_annotations\2.0.18\error_prone_annotations-2.0.18.jar;C:\Users\madhu\.m2\repository\com\google\j2objc\j2objc-annotations\1.1\j2objc-annotations-1.1.jar;C:\Users\madhu\.m2\repository\org\codehaus\mojo\animal-sniffer-annotations\1.14\animal-sniffer-annotations-1.14.jar;C:\Users\madhu\.m2\repository\org\apache\httpcomponents\httpclient\4.5.3\httpclient-4.5.3.jar;C:\Users\madhu\.m2\repository\org\apache\httpcomponents\httpcore\4.4.6\httpcore-4.4.6.jar;C:\Users\madhu\.m2\repository\org\testng\testng\6.8\testng-6.8.jar;C:\Users\madhu\.m2\repository\org\beanshell\bsh\2.0b4\bsh-2.0b4.jar;C:\Users\madhu\.m2\repository\com\beust\jcommander\1.27\jcommander-1.27.jar;C:\Users\madhu\.m2\repository\org\yaml\snakeyaml\1.6\snakeyaml-1.6.jar;C:\Users\madhu\.m2\repository\log4j\log4j\1.2.17\log4j-1.2.17.jar;C:\Users\madhu\.m2\repository\com\oracle\ojdbc8\12.2.0.1\ojdbc8-12.2.0.1.jar;C:\Users\madhu\.m2\repository\org\apache\maven\surefire\surefire-testng-utils\2.20.1\surefire-testng-utils-2.20.1.jar;C:\Users\madhu\.m2\repository\org\apache\maven\surefire\surefire-grouper\2.20.1\surefire-grouper-2.20.1.jar;"/>
    <property name="sun.cpu.endian" value="little"/>
    <property name="user.home" value="C:\Users\madhu"/>
    <property name="user.language" value="en"/>
    <property name="java.specification.vendor" value="Oracle Corporation"/>
    <property name="java.home" value="C:\Program Files\Java\jre-9.0.1"/>
    <property name="file.separator" value="\"/>
    <property name="basedir" value="C:\Selenium\RDA"/>
    <property name="java.vm.compressedOopsMode" value="32-bit"/>
    <property name="line.separator" value="&#10;"/>
    <property name="java.vm.specification.vendor" value="Oracle Corporation"/>
    <property name="java.specification.name" value="Java Platform API Specification"/>
    <property name="java.awt.graphicsenv" value="sun.awt.Win32GraphicsEnvironment"/>
    <property name="surefire.real.class.path" value="C:\Users\madhu\AppData\Local\Temp\surefire15484879949977639714\surefirebooter15069625908067033933.jar"/>
    <property name="user.script" value=""/>
    <property name="sun.management.compiler" value="HotSpot 64-Bit Tiered Compilers"/>
    <property name="java.runtime.version" value="9.0.1+11"/>
    <property name="user.name" value="madhu"/>
    <property name="path.separator" value=";"/>
    <property name="os.version" value="10.0"/>
    <property name="java.runtime.name" value="Java(TM) SE Runtime Environment"/>
    <property name="file.encoding" value="Cp1252"/>
    <property name="java.vm.name" value="Java HotSpot(TM) 64-Bit Server VM"/>
    <property name="localRepository" value="C:\Users\madhu\.m2\repository"/>
    <property name="java.vendor.url.bug" value="http://bugreport.java.com/bugreport/"/>
    <property name="java.io.tmpdir" value="C:\Users\madhu\AppData\Local\Temp\"/>
    <property name="java.version" value="9.0.1"/>
    <property name="user.dir" value="C:\Selenium\RDA"/>
    <property name="os.arch" value="amd64"/>
    <property name="java.vm.specification.name" value="Java Virtual Machine Specification"/>
    <property name="java.awt.printerjob" value="sun.awt.windows.WPrinterJob"/>
    <property name="sun.os.patch.level" value=""/>
    <property name="java.library.path" value="C:\Program Files\Java\jre-9.0.1\bin;C:\WINDOWS\Sun\Java\bin;C:\WINDOWS\system32;C:\WINDOWS;C:\ProgramData\Oracle\Java\javapath;C:\WINDOWS\system32;C:\WINDOWS;C:\WINDOWS\System32\Wbem;C:\WINDOWS\System32\WindowsPowerShell\v1.0\;C:\Program Files (x86)\Skype\Phone\;C:\Program Files\Intel\WiFi\bin\;C:\Program Files\Common Files\Intel\WirelessCommon\;C:\Program Files\Java\jdk-9.0.1\bin;C:\apache-maven-3.5.2-bin\apache-maven-3.5.2\bin;C:\Users\madhu\AppData\Local\Microsoft\WindowsApps;;."/>
    <property name="java.vm.info" value="mixed mode"/>
    <property name="java.vendor" value="Oracle Corporation"/>
    <property name="java.vm.version" value="9.0.1+11"/>
    <property name="sun.io.unicode.encoding" value="UnicodeLittle"/>
    <property name="java.class.version" value="53.0"/>
  </properties>
  <testcase name="baseNavigation" classname="SeleniumRDA.mainClass" time="34.099">
    <failure message="no such element: Unable to locate element: {&quot;method&quot;:&quot;xpath&quot;,&quot;selector&quot;:&quot;.//*[@id=&apos;finalDispForm:sigNmTxt&apos;]&quot;}&#10;  (Session info: chrome=62.0.3202.94)&#10;  (Driver info: chromedriver=2.33.506120 (e3e53437346286c0bc2d2dc9aa4915ba81d9023f),platform=Windows NT 10.0.16299 x86_64) (WARNING: The server did not provide any stacktrace information)&#10;Command duration or timeout: 0 milliseconds&#10;For documentation on this error, please visit: http://seleniumhq.org/exceptions/no_such_element.html&#10;Build info: version: &apos;3.7.1&apos;, revision: &apos;8a0099a&apos;, time: &apos;2017-11-06T21:01:39.354Z&apos;&#10;System info: host: &apos;LAPTOP-EFUV92DE&apos;, ip: &apos;172.18.200.241&apos;, os.name: &apos;Windows 10&apos;, os.arch: &apos;amd64&apos;, os.version: &apos;10.0&apos;, java.version: &apos;9.0.1&apos;&#10;Driver info: org.openqa.selenium.chrome.ChromeDriver&#10;Capabilities {acceptSslCerts: true, applicationCacheEnabled: false, browserConnectionEnabled: false, browserName: chrome, chrome: {chromedriverVersion: 2.33.506120 (e3e53437346286..., userDataDir: C:\Users\madhu\AppData\Loca...}, cssSelectorsEnabled: true, databaseEnabled: false, handlesAlerts: true, hasTouchScreen: false, javascriptEnabled: true, locationContextEnabled: true, mobileEmulationEnabled: false, nativeEvents: true, networkConnectionEnabled: false, pageLoadStrategy: normal, platform: XP, platformName: XP, rotatable: false, setWindowRect: true, takesHeapSnapshot: true, takesScreenshot: true, unexpectedAlertBehaviour: , unhandledPromptBehavior: , version: 62.0.3202.94, webStorageEnabled: true}&#10;Session ID: 5499a5fc52f8e4e547ec2927a97ed369&#10;*** Element info: {Using=xpath, value=.//*[@id=&apos;finalDispForm:sigNmTxt&apos;]}" type="org.openqa.selenium.NoSuchElementException">org.openqa.selenium.NoSuchElementException: 
no such element: Unable to locate element: {"method":"xpath","selector":".//*[@id='finalDispForm:sigNmTxt']"}
  (Session info: chrome=62.0.3202.94)
  (Driver info: chromedriver=2.33.506120 (e3e53437346286c0bc2d2dc9aa4915ba81d9023f),platform=Windows NT 10.0.16299 x86_64) (WARNING: The server did not provide any stacktrace information)
Command duration or timeout: 0 milliseconds
For documentation on this error, please visit: http://seleniumhq.org/exceptions/no_such_element.html
Build info: version: '3.7.1', revision: '8a0099a', time: '2017-11-06T21:01:39.354Z'
System info: host: 'LAPTOP-EFUV92DE', ip: '172.18.200.241', os.name: 'Windows 10', os.arch: 'amd64', os.version: '10.0', java.version: '9.0.1'
Driver info: org.openqa.selenium.chrome.ChromeDriver
Capabilities {acceptSslCerts: true, applicationCacheEnabled: false, browserConnectionEnabled: false, browserName: chrome, chrome: {chromedriverVersion: 2.33.506120 (e3e53437346286..., userDataDir: C:\Users\madhu\AppData\Loca...}, cssSelectorsEnabled: true, databaseEnabled: false, handlesAlerts: true, hasTouchScreen: false, javascriptEnabled: true, locationContextEnabled: true, mobileEmulationEnabled: false, nativeEvents: true, networkConnectionEnabled: false, pageLoadStrategy: normal, platform: XP, platformName: XP, rotatable: false, setWindowRect: true, takesHeapSnapshot: true, takesScreenshot: true, unexpectedAlertBehaviour: , unhandledPromptBehavior: , version: 62.0.3202.94, webStorageEnabled: true}
Session ID: 5499a5fc52f8e4e547ec2927a97ed369
*** Element info: {Using=xpath, value=.//*[@id='finalDispForm:sigNmTxt']}
	at SeleniumRDA.mainClass.baseNavigation(mainClass.java:72)
</failure>
    <system-out><![CDATA[ INFO [main] (mainClass.java:34)- --- In the main Class ---
 INFO [main] (mainClass.java:38)- --- Calling login Page ---
 INFO [main] (mainClass.java:42)- --- Calling the dbconnection class ---
 INFO [main] (DBselect.java:33)- The connection is created
 INFO [main] (DBselect.java:36)- The statement is created
 INFO [main] (mainClass.java:46)- returned from db connection class
 INFO [main] (mainClass.java:56)- The job_id is ^^^^^^^^^^^^^^^^^^^CL1801
 INFO [main] (mainClass.java:57)- The device is ^^^^^^^^^^^^^^^^^^WEBS
 INFO [main] (mainClass.java:58)- The test_id is ^^^^^^^^^^^^^^^^^10238
 INFO [main] (mainClass.java:59)- The tracking number is ^^^^^^^^^^^^^^^^^^^^^^^^^^^435235483850
 INFO [main] (mainClass.java:61)- --- Calling landing Page ---
 INFO [main] (mainClass.java:65)- --- Calling TransactionInfo Page ---
 INFO [main] (transactionInfo.java:53)- element is displayed
 INFO [main] (transactionInfo.java:65)- The shipper name is -----URVASHI GHONGE
 INFO [main] (transactionInfo.java:66)- The shipper account is -----605446329
 INFO [main] (transactionInfo.java:67)- The shipper Company is -----IN_GST
 INFO [main] (transactionInfo.java:68)- The shipper Address Line 1 is -----37 CALLE MUNOZ RIVERA
 INFO [main] (transactionInfo.java:69)- The shipper Address Line 2 is -----
 INFO [main] (transactionInfo.java:70)- The shipper City is -----MEMPHIS
 INFO [main] (transactionInfo.java:71)- The shipper State is -----TN
 INFO [main] (transactionInfo.java:72)- The shipper Zip is -----37013
 INFO [main] (transactionInfo.java:73)- The shipper Country is -----US
 INFO [main] (DBinsert.java:36)- Connection created
 INFO [main] (DBinsert.java:39)- Statement created
 INFO [main] (DBinsert.java:74)- Insert executed !!!!!!
 INFO [main] (DBinsert.java:80)- In finally method
 INFO [main] (mainClass.java:70)- --- Calling Final Display ---
 INFO [main] (childWindow.java:22)- The parent window is CDwindow-d8b58570-c4ce-4385-9273-b395445df35b
 INFO [main] (childWindow.java:25)- The size of window handles are  1
 INFO [main] (finalDisplay.java:61)- Element is visible and Getting child info-------
]]></system-out>
    <system-err><![CDATA[Starting ChromeDriver 2.33.506120 (e3e53437346286c0bc2d2dc9aa4915ba81d9023f) on port 37849
Only local connections are allowed.
Nov 26, 2017 5:59:42 PM org.openqa.selenium.remote.ProtocolHandshake createSession
INFO: Detected dialect: OSS
]]></system-err>
  </testcase>
</testsuite>