<?xml version="1.0" encoding="UTF-8"?>
<!-- Generated by org.testng.reporters.JUnitReportReporter -->
<testsuite hostname="LAPTOP-EFUV92DE" failures="0" tests="1" name="SeleniumRDA.DBconnection" time="3.091" errors="0" timestamp="24 Nov 2017 18:41:01 GMT">
  <testcase classname="SeleniumRDA.DBconnection" name="verifyDB" time="3.091"/>
</testsuite> <!-- SeleniumRDA.DBconnection -->
