<?xml version="1.0" encoding="UTF-8"?>
<!-- Generated by org.testng.reporters.JUnitReportReporter -->
<testsuite hostname="LAPTOP-EFUV92DE" failures="0" tests="1" name="Utility.DBinsert" time="2.344" errors="0" timestamp="25 Nov 2017 16:36:30 GMT">
  <testcase classname="Utility.DBinsert" name="insert" time="2.344"/>
</testsuite> <!-- Utility.DBinsert -->
